<?xml version="1.0" encoding="UTF-8"?>
<coverage generated="1729638715954" clover="3.2.0">
  <project timestamp="1729638715954" name="All files">
    <metrics statements="60" coveredstatements="47" conditionals="20" coveredconditionals="15" methods="22" coveredmethods="16" elements="102" coveredelements="78" complexity="0" loc="60" ncloc="60" packages="5" files="11" classes="11"/>
    <package name="components">
      <metrics statements="24" coveredstatements="22" conditionals="8" coveredconditionals="4" methods="9" coveredmethods="8"/>
      <file name="ProductDetails.tsx" path="/Users/geralcastillo/Documents/mobilebp/frontend/components/ProductDetails.tsx">
        <metrics statements="5" coveredstatements="5" conditionals="4" coveredconditionals="3" methods="1" coveredmethods="1"/>
        <line num="16" count="1" type="stmt"/>
        <line num="17" count="2" type="cond" truecount="2" falsecount="0"/>
        <line num="18" count="1" type="stmt"/>
        <line num="25" count="1" type="stmt"/>
        <line num="54" count="1" type="stmt"/>
      </file>
      <file name="ProductItem.tsx" path="/Users/geralcastillo/Documents/mobilebp/frontend/components/ProductItem.tsx">
        <metrics statements="4" coveredstatements="4" conditionals="0" coveredconditionals="0" methods="2" coveredmethods="2"/>
        <line num="11" count="2" type="stmt"/>
        <line num="12" count="4" type="stmt"/>
        <line num="14" count="4" type="stmt"/>
        <line num="27" count="2" type="stmt"/>
      </file>
      <file name="ProductList.tsx" path="/Users/geralcastillo/Documents/mobilebp/frontend/components/ProductList.tsx">
        <metrics statements="8" coveredstatements="6" conditionals="4" coveredconditionals="1" methods="4" coveredmethods="3"/>
        <line num="13" count="1" type="stmt"/>
        <line num="14" count="1" type="stmt"/>
        <line num="15" count="0" type="cond" truecount="0" falsecount="2"/>
        <line num="16" count="0" type="stmt"/>
        <line num="20" count="1" type="stmt"/>
        <line num="23" count="2" type="stmt"/>
        <line num="24" count="3" type="stmt"/>
        <line num="32" count="1" type="stmt"/>
      </file>
      <file name="SearchBar.tsx" path="/Users/geralcastillo/Documents/mobilebp/frontend/components/SearchBar.tsx">
        <metrics statements="7" coveredstatements="7" conditionals="0" coveredconditionals="0" methods="2" coveredmethods="2"/>
        <line num="8" count="1" type="stmt"/>
        <line num="9" count="5" type="stmt"/>
        <line num="11" count="5" type="stmt"/>
        <line num="12" count="2" type="stmt"/>
        <line num="13" count="2" type="stmt"/>
        <line num="16" count="5" type="stmt"/>
        <line num="27" count="1" type="stmt"/>
      </file>
    </package>
    <package name="components.buttons">
      <metrics statements="9" coveredstatements="9" conditionals="0" coveredconditionals="0" methods="3" coveredmethods="3"/>
      <file name="DangerButton.tsx" path="/Users/geralcastillo/Documents/mobilebp/frontend/components/buttons/DangerButton.tsx">
        <metrics statements="3" coveredstatements="3" conditionals="0" coveredconditionals="0" methods="1" coveredmethods="1"/>
        <line num="9" count="1" type="stmt"/>
        <line num="10" count="2" type="stmt"/>
        <line num="17" count="1" type="stmt"/>
      </file>
      <file name="PrimaryButton.tsx" path="/Users/geralcastillo/Documents/mobilebp/frontend/components/buttons/PrimaryButton.tsx">
        <metrics statements="3" coveredstatements="3" conditionals="0" coveredconditionals="0" methods="1" coveredmethods="1"/>
        <line num="9" count="1" type="stmt"/>
        <line num="10" count="2" type="stmt"/>
        <line num="17" count="1" type="stmt"/>
      </file>
      <file name="SecondaryButton.tsx" path="/Users/geralcastillo/Documents/mobilebp/frontend/components/buttons/SecondaryButton.tsx">
        <metrics statements="3" coveredstatements="3" conditionals="0" coveredconditionals="0" methods="1" coveredmethods="1"/>
        <line num="9" count="1" type="stmt"/>
        <line num="10" count="2" type="stmt"/>
        <line num="17" count="1" type="stmt"/>
      </file>
    </package>
    <package name="components.form">
      <metrics statements="15" coveredstatements="11" conditionals="12" coveredconditionals="11" methods="6" coveredmethods="3"/>
      <file name="DatePicker.tsx" path="/Users/geralcastillo/Documents/mobilebp/frontend/components/form/DatePicker.tsx">
        <metrics statements="12" coveredstatements="8" conditionals="6" coveredconditionals="5" methods="5" coveredmethods="2"/>
        <line num="13" count="1" type="stmt"/>
        <line num="14" count="2" type="stmt"/>
        <line num="16" count="2" type="stmt"/>
        <line num="17" count="0" type="stmt"/>
        <line num="20" count="2" type="stmt"/>
        <line num="21" count="0" type="stmt"/>
        <line num="24" count="2" type="stmt"/>
        <line num="25" count="0" type="stmt"/>
        <line num="26" count="0" type="stmt"/>
        <line num="29" count="2" type="cond" truecount="1" falsecount="1"/>
        <line num="31" count="2" type="stmt"/>
        <line num="51" count="1" type="stmt"/>
      </file>
      <file name="TextInputField.tsx" path="/Users/geralcastillo/Documents/mobilebp/frontend/components/form/TextInputField.tsx">
        <metrics statements="3" coveredstatements="3" conditionals="6" coveredconditionals="6" methods="1" coveredmethods="1"/>
        <line num="13" count="1" type="cond" truecount="2" falsecount="0"/>
        <line num="14" count="5" type="stmt"/>
        <line num="29" count="1" type="stmt"/>
      </file>
    </package>
    <package name="components.layout">
      <metrics statements="5" coveredstatements="5" conditionals="0" coveredconditionals="0" methods="2" coveredmethods="2"/>
      <file name="FixedFooter.tsx" path="/Users/geralcastillo/Documents/mobilebp/frontend/components/layout/FixedFooter.tsx">
        <metrics statements="5" coveredstatements="5" conditionals="0" coveredconditionals="0" methods="2" coveredmethods="2"/>
        <line num="9" count="1" type="stmt"/>
        <line num="10" count="4" type="stmt"/>
        <line num="11" count="3" type="stmt"/>
        <line num="14" count="4" type="stmt"/>
        <line num="17" count="1" type="stmt"/>
      </file>
    </package>
    <package name="utils">
      <metrics statements="7" coveredstatements="0" conditionals="0" coveredconditionals="0" methods="2" coveredmethods="0"/>
      <file name="helpers.ts" path="/Users/geralcastillo/Documents/mobilebp/frontend/utils/helpers.ts">
        <metrics statements="7" coveredstatements="0" conditionals="0" coveredconditionals="0" methods="2" coveredmethods="0"/>
        <line num="4" count="0" type="stmt"/>
        <line num="5" count="0" type="stmt"/>
        <line num="6" count="0" type="stmt"/>
        <line num="10" count="0" type="stmt"/>
        <line num="11" count="0" type="stmt"/>
        <line num="12" count="0" type="stmt"/>
        <line num="13" count="0" type="stmt"/>
      </file>
    </package>
  </project>
</coverage>
