<?xml version="1.0" encoding="UTF-8"?>
<coverage generated="1728180066630" clover="3.2.0">
  <project timestamp="1728180066630" name="All files">
    <metrics statements="45" coveredstatements="30" conditionals="14" coveredconditionals="8" methods="13" coveredmethods="4" elements="72" coveredelements="42" complexity="0" loc="45" ncloc="45" packages="2" files="2" classes="2"/>
    <package name="components">
      <metrics statements="11" coveredstatements="7" conditionals="6" coveredconditionals="5" methods="4" coveredmethods="1"/>
      <file name="DatePicker.tsx" path="/Users/geralcastillo/Documents/mobilebp/frontend/components/DatePicker.tsx">
        <metrics statements="11" coveredstatements="7" conditionals="6" coveredconditionals="5" methods="4" coveredmethods="1"/>
        <line num="13" count="1" type="stmt"/>
        <line num="14" count="2" type="stmt"/>
        <line num="16" count="2" type="stmt"/>
        <line num="17" count="0" type="stmt"/>
        <line num="20" count="2" type="stmt"/>
        <line num="21" count="0" type="stmt"/>
        <line num="24" count="2" type="stmt"/>
        <line num="25" count="0" type="stmt"/>
        <line num="26" count="0" type="stmt"/>
        <line num="29" count="2" type="stmt"/>
        <line num="49" count="1" type="stmt"/>
      </file>
    </package>
    <package name="screens">
      <metrics statements="34" coveredstatements="23" conditionals="8" coveredconditionals="3" methods="9" coveredmethods="3"/>
      <file name="HomeScreen.tsx" path="/Users/geralcastillo/Documents/mobilebp/frontend/screens/HomeScreen.tsx">
        <metrics statements="34" coveredstatements="23" conditionals="8" coveredconditionals="3" methods="9" coveredmethods="3"/>
        <line num="22" count="1" type="stmt"/>
        <line num="23" count="2" type="stmt"/>
        <line num="24" count="2" type="stmt"/>
        <line num="25" count="2" type="stmt"/>
        <line num="26" count="2" type="stmt"/>
        <line num="28" count="2" type="stmt"/>
        <line num="30" count="2" type="stmt"/>
        <line num="31" count="1" type="cond" truecount="1" falsecount="1"/>
        <line num="32" count="1" type="stmt"/>
        <line num="36" count="2" type="stmt"/>
        <line num="37" count="1" type="stmt"/>
        <line num="38" count="1" type="stmt"/>
        <line num="39" count="1" type="stmt"/>
        <line num="40" count="1" type="stmt"/>
        <line num="41" count="0" type="stmt"/>
        <line num="42" count="0" type="stmt"/>
        <line num="44" count="1" type="stmt"/>
        <line num="45" count="1" type="stmt"/>
        <line num="47" count="1" type="stmt"/>
        <line num="51" count="2" type="stmt"/>
        <line num="52" count="0" type="stmt"/>
        <line num="53" count="0" type="cond" truecount="0" falsecount="2"/>
        <line num="54" count="0" type="stmt"/>
        <line num="56" count="0" type="stmt"/>
        <line num="57" count="0" type="cond" truecount="0" falsecount="2"/>
        <line num="60" count="0" type="stmt"/>
        <line num="64" count="2" type="stmt"/>
        <line num="65" count="0" type="stmt"/>
        <line num="77" count="2" type="cond" truecount="2" falsecount="0"/>
        <line num="78" count="1" type="stmt"/>
        <line num="85" count="1" type="stmt"/>
        <line num="99" count="0" type="stmt"/>
        <line num="104" count="0" type="stmt"/>
        <line num="113" count="1" type="stmt"/>
      </file>
    </package>
  </project>
</coverage>
