{"/Users/geralcastillo/Documents/mobilebp/frontend/components/ProductDetails.tsx": {"path":"/Users/geralcastillo/Documents/mobilebp/frontend/components/ProductDetails.tsx","statementMap":{"0":{"start":{"line":16,"column":54},"end":{"line":52,"column":1}},"1":{"start":{"line":17,"column":2},"end":{"line":23,"column":3}},"2":{"start":{"line":18,"column":4},"end":{"line":22,"column":6}},"3":{"start":{"line":25,"column":2},"end":{"line":51,"column":4}},"4":{"start":{"line":54,"column":15},"end":{"line":65,"column":2}}},"fnMap":{"0":{"name":"(anonymous_0)","decl":{"start":{"line":16,"column":54},"end":{"line":16,"column":55}},"loc":{"start":{"line":16,"column":71},"end":{"line":52,"column":1}},"line":16}},"branchMap":{"0":{"loc":{"start":{"line":17,"column":2},"end":{"line":23,"column":3}},"type":"if","locations":[{"start":{"line":17,"column":2},"end":{"line":23,"column":3}},{"start":{},"end":{}}],"line":17},"1":{"loc":{"start":{"line":37,"column":11},"end":{"line":41,"column":11}},"type":"cond-expr","locations":[{"start":{"line":38,"column":12},"end":{"line":38,"column":72}},{"start":{"line":40,"column":12},"end":{"line":40,"column":51}}],"line":37}},"s":{"0":1,"1":2,"2":1,"3":1,"4":1},"f":{"0":2},"b":{"0":[1,1],"1":[1,0]},"_coverageSchema":"1a1c01bbd47fc00a2c39e90264f33305004495a9","hash":"262a73452735414fb97957740c8cc69555d6ea3b"}
,"/Users/geralcastillo/Documents/mobilebp/frontend/components/ProductItem.tsx": {"path":"/Users/geralcastillo/Documents/mobilebp/frontend/components/ProductItem.tsx","statementMap":{"0":{"start":{"line":11,"column":37},"end":{"line":25,"column":2}},"1":{"start":{"line":12,"column":22},"end":{"line":12,"column":77}},"2":{"start":{"line":12,"column":40},"end":{"line":12,"column":56}},"3":{"start":{"line":14,"column":2},"end":{"line":24,"column":4}},"4":{"start":{"line":27,"column":15},"end":{"line":55,"column":2}}},"fnMap":{"0":{"name":"(anonymous_0)","decl":{"start":{"line":11,"column":48},"end":{"line":11,"column":49}},"loc":{"start":{"line":11,"column":71},"end":{"line":25,"column":1}},"line":11},"1":{"name":"(anonymous_1)","decl":{"start":{"line":12,"column":34},"end":{"line":12,"column":35}},"loc":{"start":{"line":12,"column":40},"end":{"line":12,"column":56}},"line":12}},"branchMap":{},"s":{"0":2,"1":4,"2":1,"3":4,"4":2},"f":{"0":4,"1":1},"b":{},"_coverageSchema":"1a1c01bbd47fc00a2c39e90264f33305004495a9","hash":"44029234a90c029e61438a2eca693643305b9d95"}
,"/Users/geralcastillo/Documents/mobilebp/frontend/components/ProductList.tsx": {"path":"/Users/geralcastillo/Documents/mobilebp/frontend/components/ProductList.tsx","statementMap":{"0":{"start":{"line":13,"column":48},"end":{"line":30,"column":2}},"1":{"start":{"line":14,"column":27},"end":{"line":18,"column":29}},"2":{"start":{"line":15,"column":4},"end":{"line":17,"column":5}},"3":{"start":{"line":16,"column":6},"end":{"line":16,"column":21}},"4":{"start":{"line":20,"column":2},"end":{"line":29,"column":4}},"5":{"start":{"line":23,"column":32},"end":{"line":23,"column":81}},"6":{"start":{"line":24,"column":30},"end":{"line":24,"column":37}},"7":{"start":{"line":32,"column":15},"end":{"line":37,"column":2}}},"fnMap":{"0":{"name":"(anonymous_0)","decl":{"start":{"line":13,"column":59},"end":{"line":13,"column":60}},"loc":{"start":{"line":13,"column":109},"end":{"line":30,"column":1}},"line":13},"1":{"name":"(anonymous_1)","decl":{"start":{"line":14,"column":39},"end":{"line":14,"column":40}},"loc":{"start":{"line":14,"column":45},"end":{"line":18,"column":3}},"line":14},"2":{"name":"(anonymous_2)","decl":{"start":{"line":23,"column":18},"end":{"line":23,"column":19}},"loc":{"start":{"line":23,"column":32},"end":{"line":23,"column":81}},"line":23},"3":{"name":"(anonymous_3)","decl":{"start":{"line":24,"column":20},"end":{"line":24,"column":21}},"loc":{"start":{"line":24,"column":30},"end":{"line":24,"column":37}},"line":24}},"branchMap":{"0":{"loc":{"start":{"line":15,"column":4},"end":{"line":17,"column":5}},"type":"if","locations":[{"start":{"line":15,"column":4},"end":{"line":17,"column":5}},{"start":{},"end":{}}],"line":15},"1":{"loc":{"start":{"line":27,"column":27},"end":{"line":27,"column":94}},"type":"cond-expr","locations":[{"start":{"line":27,"column":37},"end":{"line":27,"column":87}},{"start":{"line":27,"column":90},"end":{"line":27,"column":94}}],"line":27}},"s":{"0":1,"1":1,"2":0,"3":0,"4":1,"5":2,"6":3,"7":1},"f":{"0":1,"1":0,"2":2,"3":3},"b":{"0":[0,0],"1":[0,1]},"_coverageSchema":"1a1c01bbd47fc00a2c39e90264f33305004495a9","hash":"da8ce537455aba457d4a8cb36d6624b36ff36057"}
,"/Users/geralcastillo/Documents/mobilebp/frontend/components/SearchBar.tsx": {"path":"/Users/geralcastillo/Documents/mobilebp/frontend/components/SearchBar.tsx","statementMap":{"0":{"start":{"line":8,"column":44},"end":{"line":25,"column":2}},"1":{"start":{"line":9,"column":38},"end":{"line":9,"column":58}},"2":{"start":{"line":11,"column":29},"end":{"line":14,"column":20}},"3":{"start":{"line":12,"column":4},"end":{"line":12,"column":24}},"4":{"start":{"line":13,"column":4},"end":{"line":13,"column":23}},"5":{"start":{"line":16,"column":2},"end":{"line":24,"column":4}},"6":{"start":{"line":27,"column":15},"end":{"line":36,"column":2}}},"fnMap":{"0":{"name":"(anonymous_0)","decl":{"start":{"line":8,"column":55},"end":{"line":8,"column":56}},"loc":{"start":{"line":8,"column":77},"end":{"line":25,"column":1}},"line":8},"1":{"name":"(anonymous_1)","decl":{"start":{"line":11,"column":41},"end":{"line":11,"column":42}},"loc":{"start":{"line":11,"column":59},"end":{"line":14,"column":3}},"line":11}},"branchMap":{},"s":{"0":1,"1":5,"2":5,"3":2,"4":2,"5":5,"6":1},"f":{"0":5,"1":2},"b":{},"_coverageSchema":"1a1c01bbd47fc00a2c39e90264f33305004495a9","hash":"1c58d983fe15714aeb6103b15eaa13824e9bb743"}
,"/Users/geralcastillo/Documents/mobilebp/frontend/components/buttons/DangerButton.tsx": {"path":"/Users/geralcastillo/Documents/mobilebp/frontend/components/buttons/DangerButton.tsx","statementMap":{"0":{"start":{"line":9,"column":50},"end":{"line":15,"column":2}},"1":{"start":{"line":10,"column":2},"end":{"line":14,"column":4}},"2":{"start":{"line":17,"column":15},"end":{"line":35,"column":2}}},"fnMap":{"0":{"name":"(anonymous_0)","decl":{"start":{"line":9,"column":61},"end":{"line":9,"column":62}},"loc":{"start":{"line":9,"column":90},"end":{"line":15,"column":1}},"line":9}},"branchMap":{},"s":{"0":1,"1":2,"2":1},"f":{"0":2},"b":{},"_coverageSchema":"1a1c01bbd47fc00a2c39e90264f33305004495a9","hash":"189d44992a467c1d09d29c8be2ff748d66b96fff"}
,"/Users/geralcastillo/Documents/mobilebp/frontend/components/buttons/PrimaryButton.tsx": {"path":"/Users/geralcastillo/Documents/mobilebp/frontend/components/buttons/PrimaryButton.tsx","statementMap":{"0":{"start":{"line":9,"column":52},"end":{"line":15,"column":2}},"1":{"start":{"line":10,"column":2},"end":{"line":14,"column":4}},"2":{"start":{"line":17,"column":15},"end":{"line":35,"column":2}}},"fnMap":{"0":{"name":"(anonymous_0)","decl":{"start":{"line":9,"column":63},"end":{"line":9,"column":64}},"loc":{"start":{"line":9,"column":92},"end":{"line":15,"column":1}},"line":9}},"branchMap":{},"s":{"0":1,"1":2,"2":1},"f":{"0":2},"b":{},"_coverageSchema":"1a1c01bbd47fc00a2c39e90264f33305004495a9","hash":"ab9676c0820c4e16a1966d9f5e5abf7928ed00a7"}
,"/Users/geralcastillo/Documents/mobilebp/frontend/components/buttons/SecondaryButton.tsx": {"path":"/Users/geralcastillo/Documents/mobilebp/frontend/components/buttons/SecondaryButton.tsx","statementMap":{"0":{"start":{"line":9,"column":56},"end":{"line":15,"column":2}},"1":{"start":{"line":10,"column":2},"end":{"line":14,"column":4}},"2":{"start":{"line":17,"column":15},"end":{"line":35,"column":2}}},"fnMap":{"0":{"name":"(anonymous_0)","decl":{"start":{"line":9,"column":67},"end":{"line":9,"column":68}},"loc":{"start":{"line":9,"column":96},"end":{"line":15,"column":1}},"line":9}},"branchMap":{},"s":{"0":1,"1":2,"2":1},"f":{"0":2},"b":{},"_coverageSchema":"1a1c01bbd47fc00a2c39e90264f33305004495a9","hash":"2350fa360fb0d7200c94f2c77ea544d44865d12a"}
,"/Users/geralcastillo/Documents/mobilebp/frontend/components/form/DatePicker.tsx": {"path":"/Users/geralcastillo/Documents/mobilebp/frontend/components/form/DatePicker.tsx","statementMap":{"0":{"start":{"line":13,"column":46},"end":{"line":49,"column":1}},"1":{"start":{"line":14,"column":57},"end":{"line":14,"column":78}},"2":{"start":{"line":16,"column":25},"end":{"line":18,"column":8}},"3":{"start":{"line":17,"column":4},"end":{"line":17,"column":34}},"4":{"start":{"line":20,"column":25},"end":{"line":22,"column":8}},"5":{"start":{"line":21,"column":4},"end":{"line":21,"column":35}},"6":{"start":{"line":24,"column":24},"end":{"line":27,"column":36}},"7":{"start":{"line":25,"column":4},"end":{"line":25,"column":23}},"8":{"start":{"line":26,"column":4},"end":{"line":26,"column":21}},"9":{"start":{"line":29,"column":24},"end":{"line":29,"column":113}},"10":{"start":{"line":29,"column":38},"end":{"line":29,"column":103}},"11":{"start":{"line":31,"column":2},"end":{"line":48,"column":4}},"12":{"start":{"line":51,"column":15},"end":{"line":70,"column":2}}},"fnMap":{"0":{"name":"(anonymous_0)","decl":{"start":{"line":13,"column":46},"end":{"line":13,"column":47}},"loc":{"start":{"line":13,"column":89},"end":{"line":49,"column":1}},"line":13},"1":{"name":"(anonymous_1)","decl":{"start":{"line":16,"column":37},"end":{"line":16,"column":38}},"loc":{"start":{"line":16,"column":43},"end":{"line":18,"column":3}},"line":16},"2":{"name":"(anonymous_2)","decl":{"start":{"line":20,"column":37},"end":{"line":20,"column":38}},"loc":{"start":{"line":20,"column":43},"end":{"line":22,"column":3}},"line":20},"3":{"name":"(anonymous_3)","decl":{"start":{"line":24,"column":36},"end":{"line":24,"column":37}},"loc":{"start":{"line":24,"column":52},"end":{"line":27,"column":3}},"line":24},"4":{"name":"(anonymous_4)","decl":{"start":{"line":29,"column":32},"end":{"line":29,"column":33}},"loc":{"start":{"line":29,"column":38},"end":{"line":29,"column":103}},"line":29}},"branchMap":{"0":{"loc":{"start":{"line":29,"column":38},"end":{"line":29,"column":103}},"type":"cond-expr","locations":[{"start":{"line":29,"column":46},"end":{"line":29,"column":78}},{"start":{"line":29,"column":81},"end":{"line":29,"column":103}}],"line":29},"1":{"loc":{"start":{"line":35,"column":30},"end":{"line":35,"column":60}},"type":"cond-expr","locations":[{"start":{"line":35,"column":38},"end":{"line":35,"column":55}},{"start":{"line":35,"column":58},"end":{"line":35,"column":60}}],"line":35},"2":{"loc":{"start":{"line":40,"column":7},"end":{"line":40,"column":67}},"type":"cond-expr","locations":[{"start":{"line":40,"column":15},"end":{"line":40,"column":60}},{"start":{"line":40,"column":63},"end":{"line":40,"column":67}}],"line":40}},"s":{"0":1,"1":2,"2":2,"3":0,"4":2,"5":0,"6":2,"7":0,"8":0,"9":2,"10":2,"11":2,"12":1},"f":{"0":2,"1":0,"2":0,"3":0,"4":2},"b":{"0":[0,2],"1":[1,1],"2":[1,1]},"_coverageSchema":"1a1c01bbd47fc00a2c39e90264f33305004495a9","hash":"5364dda2e0189cb79f25a6f609fa1909f7867938"}
,"/Users/geralcastillo/Documents/mobilebp/frontend/components/form/TextInputField.tsx": {"path":"/Users/geralcastillo/Documents/mobilebp/frontend/components/form/TextInputField.tsx","statementMap":{"0":{"start":{"line":13,"column":54},"end":{"line":27,"column":1}},"1":{"start":{"line":14,"column":2},"end":{"line":26,"column":4}},"2":{"start":{"line":29,"column":15},"end":{"line":48,"column":2}}},"fnMap":{"0":{"name":"(anonymous_0)","decl":{"start":{"line":13,"column":54},"end":{"line":13,"column":55}},"loc":{"start":{"line":13,"column":129},"end":{"line":27,"column":1}},"line":13}},"branchMap":{"0":{"loc":{"start":{"line":13,"column":81},"end":{"line":13,"column":98}},"type":"default-arg","locations":[{"start":{"line":13,"column":93},"end":{"line":13,"column":98}}],"line":13},"1":{"loc":{"start":{"line":13,"column":107},"end":{"line":13,"column":122}},"type":"default-arg","locations":[{"start":{"line":13,"column":118},"end":{"line":13,"column":122}}],"line":13},"2":{"loc":{"start":{"line":18,"column":30},"end":{"line":18,"column":60}},"type":"cond-expr","locations":[{"start":{"line":18,"column":38},"end":{"line":18,"column":55}},{"start":{"line":18,"column":58},"end":{"line":18,"column":60}}],"line":18},"3":{"loc":{"start":{"line":24,"column":7},"end":{"line":24,"column":67}},"type":"cond-expr","locations":[{"start":{"line":24,"column":15},"end":{"line":24,"column":60}},{"start":{"line":24,"column":63},"end":{"line":24,"column":67}}],"line":24}},"s":{"0":1,"1":5,"2":1},"f":{"0":5},"b":{"0":[4],"1":[4],"2":[1,4],"3":[1,4]},"_coverageSchema":"1a1c01bbd47fc00a2c39e90264f33305004495a9","hash":"6238273b767f7a3f5af30123e42395ac56c3cf7a"}
,"/Users/geralcastillo/Documents/mobilebp/frontend/components/layout/FixedFooter.tsx": {"path":"/Users/geralcastillo/Documents/mobilebp/frontend/components/layout/FixedFooter.tsx","statementMap":{"0":{"start":{"line":9,"column":48},"end":{"line":15,"column":2}},"1":{"start":{"line":10,"column":24},"end":{"line":12,"column":13}},"2":{"start":{"line":11,"column":4},"end":{"line":11,"column":34}},"3":{"start":{"line":14,"column":2},"end":{"line":14,"column":81}},"4":{"start":{"line":17,"column":15},"end":{"line":24,"column":2}}},"fnMap":{"0":{"name":"(anonymous_0)","decl":{"start":{"line":9,"column":59},"end":{"line":9,"column":60}},"loc":{"start":{"line":9,"column":84},"end":{"line":15,"column":1}},"line":9},"1":{"name":"(anonymous_1)","decl":{"start":{"line":10,"column":32},"end":{"line":10,"column":33}},"loc":{"start":{"line":10,"column":38},"end":{"line":12,"column":3}},"line":10}},"branchMap":{},"s":{"0":1,"1":4,"2":3,"3":4,"4":1},"f":{"0":4,"1":3},"b":{},"_coverageSchema":"1a1c01bbd47fc00a2c39e90264f33305004495a9","hash":"e02979a737cd5fbfb6bf9914c19e1abab44fc5f4"}
,"/Users/geralcastillo/Documents/mobilebp/frontend/utils/helpers.ts": {"path":"/Users/geralcastillo/Documents/mobilebp/frontend/utils/helpers.ts","statementMap":{"0":{"start":{"line":4,"column":29},"end":{"line":4,"column":57}},"1":{"start":{"line":5,"column":15},"end":{"line":5,"column":45}},"2":{"start":{"line":6,"column":2},"end":{"line":6,"column":36}},"3":{"start":{"line":10,"column":15},"end":{"line":10,"column":33}},"4":{"start":{"line":11,"column":16},"end":{"line":11,"column":60}},"5":{"start":{"line":12,"column":14},"end":{"line":12,"column":53}},"6":{"start":{"line":13,"column":2},"end":{"line":13,"column":35}}},"fnMap":{"0":{"name":"formatDateWithoutTimezone","decl":{"start":{"line":3,"column":16},"end":{"line":3,"column":41}},"loc":{"start":{"line":3,"column":65},"end":{"line":7,"column":1}},"line":3},"1":{"name":"formatDateToLocalISOString","decl":{"start":{"line":9,"column":16},"end":{"line":9,"column":42}},"loc":{"start":{"line":9,"column":63},"end":{"line":14,"column":1}},"line":9}},"branchMap":{},"s":{"0":0,"1":0,"2":0,"3":0,"4":0,"5":0,"6":0},"f":{"0":0,"1":0},"b":{},"_coverageSchema":"1a1c01bbd47fc00a2c39e90264f33305004495a9","hash":"ef7de98bdd952b4c9bf0830b85c3b401dad916a1"}
}
