{"/Users/geralcastillo/Documents/mobilebp/frontend/components/DatePicker.tsx": {"path":"/Users/geralcastillo/Documents/mobilebp/frontend/components/DatePicker.tsx","statementMap":{"0":{"start":{"line":13,"column":46},"end":{"line":47,"column":1}},"1":{"start":{"line":14,"column":57},"end":{"line":14,"column":78}},"2":{"start":{"line":16,"column":25},"end":{"line":18,"column":3}},"3":{"start":{"line":17,"column":4},"end":{"line":17,"column":34}},"4":{"start":{"line":20,"column":25},"end":{"line":22,"column":3}},"5":{"start":{"line":21,"column":4},"end":{"line":21,"column":35}},"6":{"start":{"line":24,"column":24},"end":{"line":27,"column":3}},"7":{"start":{"line":25,"column":4},"end":{"line":25,"column":23}},"8":{"start":{"line":26,"column":4},"end":{"line":26,"column":21}},"9":{"start":{"line":29,"column":2},"end":{"line":46,"column":4}},"10":{"start":{"line":49,"column":15},"end":{"line":68,"column":2}}},"fnMap":{"0":{"name":"(anonymous_0)","decl":{"start":{"line":13,"column":46},"end":{"line":13,"column":47}},"loc":{"start":{"line":13,"column":89},"end":{"line":47,"column":1}},"line":13},"1":{"name":"(anonymous_1)","decl":{"start":{"line":16,"column":25},"end":{"line":16,"column":26}},"loc":{"start":{"line":16,"column":31},"end":{"line":18,"column":3}},"line":16},"2":{"name":"(anonymous_2)","decl":{"start":{"line":20,"column":25},"end":{"line":20,"column":26}},"loc":{"start":{"line":20,"column":31},"end":{"line":22,"column":3}},"line":20},"3":{"name":"(anonymous_3)","decl":{"start":{"line":24,"column":24},"end":{"line":24,"column":25}},"loc":{"start":{"line":24,"column":40},"end":{"line":27,"column":3}},"line":24}},"branchMap":{"0":{"loc":{"start":{"line":33,"column":30},"end":{"line":33,"column":60}},"type":"cond-expr","locations":[{"start":{"line":33,"column":38},"end":{"line":33,"column":55}},{"start":{"line":33,"column":58},"end":{"line":33,"column":60}}],"line":33},"1":{"loc":{"start":{"line":36,"column":15},"end":{"line":36,"column":85}},"type":"cond-expr","locations":[{"start":{"line":36,"column":23},"end":{"line":36,"column":60}},{"start":{"line":36,"column":63},"end":{"line":36,"column":85}}],"line":36},"2":{"loc":{"start":{"line":38,"column":7},"end":{"line":38,"column":67}},"type":"cond-expr","locations":[{"start":{"line":38,"column":15},"end":{"line":38,"column":60}},{"start":{"line":38,"column":63},"end":{"line":38,"column":67}}],"line":38}},"s":{"0":1,"1":2,"2":2,"3":0,"4":2,"5":0,"6":2,"7":0,"8":0,"9":2,"10":1},"f":{"0":2,"1":0,"2":0,"3":0},"b":{"0":[1,1],"1":[0,2],"2":[1,1]},"_coverageSchema":"1a1c01bbd47fc00a2c39e90264f33305004495a9","hash":"5dc52fe8763d4ff5832ec1097fbdf619190093c7"}
,"/Users/geralcastillo/Documents/mobilebp/frontend/components/FixedFooter.tsx": {"path":"/Users/geralcastillo/Documents/mobilebp/frontend/components/FixedFooter.tsx","statementMap":{"0":{"start":{"line":9,"column":48},"end":{"line":11,"column":1}},"1":{"start":{"line":10,"column":2},"end":{"line":10,"column":64}},"2":{"start":{"line":13,"column":15},"end":{"line":20,"column":2}}},"fnMap":{"0":{"name":"(anonymous_0)","decl":{"start":{"line":9,"column":48},"end":{"line":9,"column":49}},"loc":{"start":{"line":9,"column":73},"end":{"line":11,"column":1}},"line":9}},"branchMap":{},"s":{"0":1,"1":2,"2":1},"f":{"0":2},"b":{},"_coverageSchema":"1a1c01bbd47fc00a2c39e90264f33305004495a9","hash":"25e154d73f943c5166eb15ee8ffa6734e0333612"}
,"/Users/geralcastillo/Documents/mobilebp/frontend/components/Buttons/PrimaryButton.tsx": {"path":"/Users/geralcastillo/Documents/mobilebp/frontend/components/Buttons/PrimaryButton.tsx","statementMap":{"0":{"start":{"line":9,"column":52},"end":{"line":15,"column":1}},"1":{"start":{"line":10,"column":2},"end":{"line":14,"column":4}},"2":{"start":{"line":17,"column":15},"end":{"line":35,"column":2}}},"fnMap":{"0":{"name":"(anonymous_0)","decl":{"start":{"line":9,"column":52},"end":{"line":9,"column":53}},"loc":{"start":{"line":9,"column":81},"end":{"line":15,"column":1}},"line":9}},"branchMap":{},"s":{"0":1,"1":2,"2":1},"f":{"0":2},"b":{},"_coverageSchema":"1a1c01bbd47fc00a2c39e90264f33305004495a9","hash":"69c89fcc2ea9887c10bfae77e78a56811100cf35"}
,"/Users/geralcastillo/Documents/mobilebp/frontend/screens/HomeScreen.tsx": {"path":"/Users/geralcastillo/Documents/mobilebp/frontend/screens/HomeScreen.tsx","statementMap":{"0":{"start":{"line":24,"column":46},"end":{"line":114,"column":1}},"1":{"start":{"line":25,"column":26},"end":{"line":25,"column":46}},"2":{"start":{"line":26,"column":42},"end":{"line":26,"column":62}},"3":{"start":{"line":27,"column":32},"end":{"line":27,"column":55}},"4":{"start":{"line":28,"column":38},"end":{"line":28,"column":58}},"5":{"start":{"line":30,"column":20},"end":{"line":30,"column":34}},"6":{"start":{"line":32,"column":2},"end":{"line":36,"column":18}},"7":{"start":{"line":33,"column":4},"end":{"line":35,"column":5}},"8":{"start":{"line":34,"column":6},"end":{"line":34,"column":18}},"9":{"start":{"line":38,"column":20},"end":{"line":51,"column":3}},"10":{"start":{"line":39,"column":4},"end":{"line":39,"column":21}},"11":{"start":{"line":40,"column":4},"end":{"line":50,"column":5}},"12":{"start":{"line":41,"column":23},"end":{"line":41,"column":47}},"13":{"start":{"line":42,"column":23},"end":{"line":42,"column":41}},"14":{"start":{"line":43,"column":6},"end":{"line":43,"column":24}},"15":{"start":{"line":44,"column":6},"end":{"line":44,"column":32}},"16":{"start":{"line":46,"column":6},"end":{"line":46,"column":51}},"17":{"start":{"line":47,"column":6},"end":{"line":47,"column":55}},"18":{"start":{"line":49,"column":6},"end":{"line":49,"column":24}},"19":{"start":{"line":53,"column":23},"end":{"line":64,"column":3}},"20":{"start":{"line":54,"column":4},"end":{"line":54,"column":24}},"21":{"start":{"line":55,"column":4},"end":{"line":63,"column":5}},"22":{"start":{"line":56,"column":6},"end":{"line":56,"column":28}},"23":{"start":{"line":58,"column":23},"end":{"line":61,"column":7}},"24":{"start":{"line":59,"column":8},"end":{"line":60,"column":58}},"25":{"start":{"line":62,"column":6},"end":{"line":62,"column":32}},"26":{"start":{"line":66,"column":21},"end":{"line":77,"column":3}},"27":{"start":{"line":67,"column":4},"end":{"line":76,"column":23}},"28":{"start":{"line":67,"column":37},"end":{"line":67,"column":94}},"29":{"start":{"line":79,"column":23},"end":{"line":85,"column":3}},"30":{"start":{"line":80,"column":4},"end":{"line":84,"column":13}},"31":{"start":{"line":87,"column":2},"end":{"line":113,"column":4}},"32":{"start":{"line":101,"column":34},"end":{"line":101,"column":41}},"33":{"start":{"line":109,"column":40},"end":{"line":109,"column":84}},"34":{"start":{"line":116,"column":15},"end":{"line":190,"column":2}}},"fnMap":{"0":{"name":"(anonymous_0)","decl":{"start":{"line":24,"column":46},"end":{"line":24,"column":47}},"loc":{"start":{"line":24,"column":66},"end":{"line":114,"column":1}},"line":24},"1":{"name":"(anonymous_1)","decl":{"start":{"line":32,"column":12},"end":{"line":32,"column":13}},"loc":{"start":{"line":32,"column":18},"end":{"line":36,"column":3}},"line":32},"2":{"name":"(anonymous_2)","decl":{"start":{"line":38,"column":20},"end":{"line":38,"column":21}},"loc":{"start":{"line":38,"column":32},"end":{"line":51,"column":3}},"line":38},"3":{"name":"(anonymous_3)","decl":{"start":{"line":53,"column":23},"end":{"line":53,"column":24}},"loc":{"start":{"line":53,"column":41},"end":{"line":64,"column":3}},"line":53},"4":{"name":"(anonymous_4)","decl":{"start":{"line":58,"column":35},"end":{"line":58,"column":36}},"loc":{"start":{"line":59,"column":8},"end":{"line":60,"column":58}},"line":59},"5":{"name":"(anonymous_5)","decl":{"start":{"line":66,"column":21},"end":{"line":66,"column":22}},"loc":{"start":{"line":67,"column":4},"end":{"line":76,"column":23}},"line":67},"6":{"name":"(anonymous_6)","decl":{"start":{"line":67,"column":31},"end":{"line":67,"column":32}},"loc":{"start":{"line":67,"column":37},"end":{"line":67,"column":94}},"line":67},"7":{"name":"(anonymous_7)","decl":{"start":{"line":79,"column":23},"end":{"line":79,"column":24}},"loc":{"start":{"line":79,"column":29},"end":{"line":85,"column":3}},"line":79},"8":{"name":"(anonymous_8)","decl":{"start":{"line":101,"column":24},"end":{"line":101,"column":25}},"loc":{"start":{"line":101,"column":34},"end":{"line":101,"column":41}},"line":101},"9":{"name":"(anonymous_9)","decl":{"start":{"line":109,"column":34},"end":{"line":109,"column":35}},"loc":{"start":{"line":109,"column":40},"end":{"line":109,"column":84}},"line":109}},"branchMap":{"0":{"loc":{"start":{"line":33,"column":4},"end":{"line":35,"column":5}},"type":"if","locations":[{"start":{"line":33,"column":4},"end":{"line":35,"column":5}},{"start":{},"end":{}}],"line":33},"1":{"loc":{"start":{"line":55,"column":4},"end":{"line":63,"column":5}},"type":"if","locations":[{"start":{"line":55,"column":4},"end":{"line":63,"column":5}},{"start":{"line":57,"column":11},"end":{"line":63,"column":5}}],"line":55},"2":{"loc":{"start":{"line":59,"column":8},"end":{"line":60,"column":58}},"type":"binary-expr","locations":[{"start":{"line":59,"column":8},"end":{"line":59,"column":60}},{"start":{"line":60,"column":8},"end":{"line":60,"column":58}}],"line":59},"3":{"loc":{"start":{"line":80,"column":11},"end":{"line":84,"column":12}},"type":"cond-expr","locations":[{"start":{"line":81,"column":6},"end":{"line":83,"column":13}},{"start":{"line":84,"column":8},"end":{"line":84,"column":12}}],"line":80}},"s":{"0":1,"1":2,"2":2,"3":2,"4":2,"5":2,"6":2,"7":1,"8":1,"9":2,"10":1,"11":1,"12":1,"13":1,"14":0,"15":0,"16":1,"17":1,"18":1,"19":2,"20":0,"21":0,"22":0,"23":0,"24":0,"25":0,"26":2,"27":0,"28":0,"29":2,"30":2,"31":2,"32":0,"33":0,"34":1},"f":{"0":2,"1":1,"2":1,"3":0,"4":0,"5":0,"6":0,"7":2,"8":0,"9":0},"b":{"0":[1,0],"1":[0,0],"2":[0,0],"3":[1,1]},"_coverageSchema":"1a1c01bbd47fc00a2c39e90264f33305004495a9","hash":"5ce862b1fae56144145dd421f723da83e277755b"}
}
