TN:
SF:components/ProductDetails.tsx
FN:16,(anonymous_0)
FNF:1
FNH:1
FNDA:2,(anonymous_0)
DA:16,1
DA:17,2
DA:18,1
DA:25,1
DA:54,1
LF:5
LH:5
BRDA:17,0,0,1
BRDA:17,0,1,1
BRDA:37,1,0,1
BRDA:37,1,1,0
BRF:4
BRH:3
end_of_record
TN:
SF:components/ProductItem.tsx
FN:11,(anonymous_0)
FN:12,(anonymous_1)
FNF:2
FNH:2
FNDA:4,(anonymous_0)
FNDA:1,(anonymous_1)
DA:11,2
DA:12,4
DA:14,4
DA:27,2
LF:4
LH:4
BRF:0
BRH:0
end_of_record
TN:
SF:components/ProductList.tsx
FN:13,(anonymous_0)
FN:14,(anonymous_1)
FN:23,(anonymous_2)
FN:24,(anonymous_3)
FNF:4
FNH:3
FNDA:1,(anonymous_0)
FNDA:0,(anonymous_1)
FNDA:2,(anonymous_2)
FNDA:3,(anonymous_3)
DA:13,1
DA:14,1
DA:15,0
DA:16,0
DA:20,1
DA:23,2
DA:24,3
DA:32,1
LF:8
LH:6
BRDA:15,0,0,0
BRDA:15,0,1,0
BRDA:27,1,0,0
BRDA:27,1,1,1
BRF:4
BRH:1
end_of_record
TN:
SF:components/SearchBar.tsx
FN:8,(anonymous_0)
FN:11,(anonymous_1)
FNF:2
FNH:2
FNDA:5,(anonymous_0)
FNDA:2,(anonymous_1)
DA:8,1
DA:9,5
DA:11,5
DA:12,2
DA:13,2
DA:16,5
DA:27,1
LF:7
LH:7
BRF:0
BRH:0
end_of_record
TN:
SF:components/buttons/DangerButton.tsx
FN:9,(anonymous_0)
FNF:1
FNH:1
FNDA:2,(anonymous_0)
DA:9,1
DA:10,2
DA:17,1
LF:3
LH:3
BRF:0
BRH:0
end_of_record
TN:
SF:components/buttons/PrimaryButton.tsx
FN:9,(anonymous_0)
FNF:1
FNH:1
FNDA:2,(anonymous_0)
DA:9,1
DA:10,2
DA:17,1
LF:3
LH:3
BRF:0
BRH:0
end_of_record
TN:
SF:components/buttons/SecondaryButton.tsx
FN:9,(anonymous_0)
FNF:1
FNH:1
FNDA:2,(anonymous_0)
DA:9,1
DA:10,2
DA:17,1
LF:3
LH:3
BRF:0
BRH:0
end_of_record
TN:
SF:components/form/DatePicker.tsx
FN:13,(anonymous_0)
FN:16,(anonymous_1)
FN:20,(anonymous_2)
FN:24,(anonymous_3)
FN:29,(anonymous_4)
FNF:5
FNH:2
FNDA:2,(anonymous_0)
FNDA:0,(anonymous_1)
FNDA:0,(anonymous_2)
FNDA:0,(anonymous_3)
FNDA:2,(anonymous_4)
DA:13,1
DA:14,2
DA:16,2
DA:17,0
DA:20,2
DA:21,0
DA:24,2
DA:25,0
DA:26,0
DA:29,2
DA:31,2
DA:51,1
LF:12
LH:8
BRDA:29,0,0,0
BRDA:29,0,1,2
BRDA:35,1,0,1
BRDA:35,1,1,1
BRDA:40,2,0,1
BRDA:40,2,1,1
BRF:6
BRH:5
end_of_record
TN:
SF:components/form/TextInputField.tsx
FN:13,(anonymous_0)
FNF:1
FNH:1
FNDA:5,(anonymous_0)
DA:13,1
DA:14,5
DA:29,1
LF:3
LH:3
BRDA:13,0,0,4
BRDA:13,1,0,4
BRDA:18,2,0,1
BRDA:18,2,1,4
BRDA:24,3,0,1
BRDA:24,3,1,4
BRF:6
BRH:6
end_of_record
TN:
SF:components/layout/FixedFooter.tsx
FN:9,(anonymous_0)
FN:10,(anonymous_1)
FNF:2
FNH:2
FNDA:4,(anonymous_0)
FNDA:3,(anonymous_1)
DA:9,1
DA:10,4
DA:11,3
DA:14,4
DA:17,1
LF:5
LH:5
BRF:0
BRH:0
end_of_record
TN:
SF:utils/helpers.ts
FN:3,formatDateWithoutTimezone
FN:9,formatDateToLocalISOString
FNF:2
FNH:0
FNDA:0,formatDateWithoutTimezone
FNDA:0,formatDateToLocalISOString
DA:4,0
DA:5,0
DA:6,0
DA:10,0
DA:11,0
DA:12,0
DA:13,0
LF:7
LH:0
BRF:0
BRH:0
end_of_record
